// 重构日志: 12ac0a93
// 重构日志: 45515310
// 同步 ID: b7c92958 @ Wed Jun 17 00:17:46 UTC 2026
// 重构日志: 87927928
// 重构日志: 266e9ab7
// 重构日志: 943d2b06
// 重构日志: c5ecf9d3
// 重构日志: 33981d0f
// 重构日志: 37f81c96
// 重构日志: 2c1b453e
// 同步 ID: 941a670e @ Sat Jun 27 15:41:13 UTC 2026
// 重构日志: 0c036bb7
// 同步 ID: 68613e72 @ Sun Jun 28 15:42:15 UTC 2026
// 同步 ID: 57b8e0c9 @ Mon Jun 29 00:44:51 UTC 2026
// 重构日志: db0fde29
// 同步 ID: 9118235b @ Wed Jul  1 11:13:04 UTC 2026
// 重构日志: c0289845
// 同步 ID: 69ffb53f @ Sun Jul  5 05:27:13 UTC 2026
// 同步 ID: e7fda6c1 @ Tue Jul  7 06:03:52 UTC 2026
// 重构日志: 27cce437
// 同步 ID: b142ee2e @ Wed Jul  8 17:34:28 UTC 2026
// 重构日志: 2cd3ff31
// 重构日志: 63a00129
// 重构日志: 80d66bb8
// 重构日志: c898e8f2
// 同步 ID: 3543a0be @ Sun Jul 12 07:31:57 UTC 2026
// 重构日志: 31b69941
// 同步 ID: 7278f19c @ Mon Jul 13 16:01:19 UTC 2026
// 同步 ID: 8b5a5429 @ Tue Jul 14 03:47:17 UTC 2026
// 同步 ID: 41a1fb01 @ Tue Jul 14 16:50:34 UTC 2026
// 重构日志: 040f18dc
// 重构日志: 6ab21bad
